<?xml version="1.0" encoding="UTF-8"?>
<!-- Generated by org.testng.reporters.JUnitReportReporter -->
<testsuite hostname="DESKTOP-NJTL6O3" failures="0" tests="1" name="test.java.MarComAPI.ClientContactPerson" time="4.528" errors="0" timestamp="2021-02-18T16:39:10 IST" skipped="0">
  <testcase classname="test.java.MarComAPI.ClientContactPerson" name="ClientContactPersonDetail" time="4.528"/>
  <system-out/>
</testsuite> <!-- test.java.MarComAPI.ClientContactPerson -->
