<?xml version="1.0" encoding="UTF-8"?>
<!-- Generated by org.testng.reporters.JUnitReportReporter -->
<testsuite hostname="DESKTOP-NJTL6O3" failures="0" tests="1" name="test.java.MarComAPI.AllProjectList" time="4.934" errors="0" timestamp="2021-02-18T16:39:10 IST" skipped="0">
  <testcase classname="test.java.MarComAPI.AllProjectList" name="projectList" time="4.934"/>
  <system-out/>
</testsuite> <!-- test.java.MarComAPI.AllProjectList -->
