<?xml version="1.0" encoding="UTF-8"?>
<!-- Generated by org.testng.reporters.JUnitReportReporter -->
<testsuite hostname="DESKTOP-NJTL6O3" failures="0" tests="1" name="test.java.MarComAPI.UserProfile" time="4.514" errors="0" timestamp="2021-02-18T16:39:10 IST" skipped="0">
  <testcase classname="test.java.MarComAPI.UserProfile" name="UserProfileDetails" time="4.514"/>
  <system-out/>
</testsuite> <!-- test.java.MarComAPI.UserProfile -->
